Error: Misspelled word 'THis' in attribute 'ascii'
Error: Misspelled word 'TITLe' in attribute 'abbrev'
Error: Misspelled word was found 'dcument'
Error: Misspelled word 'THis' in attribute 'name'
Error: Misspelled word 'TItle' in attribute 'name'
Error: Misspelled word 'YYY' in attribute 'asciiSurname'
Error: Misspelled word was found 'Orgg'
Error: Misspelled word was found 'affilliation'
Error: Misspelled word 'Xtxt' in attribute 'ascii'
Error: Misspelled word was found 'ASN'
Error: Misspelled word was found 'unicode'
Error: Misspelled word was found 'groook'
Error: Misspelled word was found 'ddtext'
Error: Misspelled word 'equall' in attribute 'ascii'
Error: Misspelled word was found 'reggional'
Error: Misspelled word was found 'textt'
Error: Misspelled word was found 'fiiedl'
Error: Misspelled word was found 'url'
Error: Misspelled word was found 'WG'
Error: Misspelled word was found 'THis'
Error: Misspelled word was found 'THis'
Error: Misspelled word was found 'THis'
Error: Misspelled word was found 'sectn'
Error: Misspelled word was found 'txt'
Error: Misspelled word was found 'svg'
Error: Misspelled word was found 'Assides'
Error: Misspelled word was found 'allwos'
Error: Misspelled word was found 'simpley'
Error: Misspelled word was found 'tiem'
Error: Misspelled word was found 'Whch'
Error: Misspelled word was found 'figre'
Error: Misspelled word was found 'Cn'
Error: Misspelled word was found 'Src'
Error: Misspelled word was found 'additonlly'
Error: Misspelled word was found 'THis'
Error: Misspelled word was found 'tiem'
Error: Misspelled word was found 'permmts'
Error: Misspelled word was found 'aa'
Error: Misspelled word was found 'THis'
Error: Misspelled word was found 'textlegal'
Error: Misspelled word 'Mispelled' in attribute 'quotedFrom'
Error: Misspelled word 'Srce' in attribute 'quotedFrom'
Error: Misspelled word 'txtr' in attribute 'quotedFrom'
Error: Misspelled word was found 'allwos'
Error: Misspelled word was found 'compliated'
Error: Misspelled word was found 'cref'
Error: Misspelled word was found 'dup'
Error: Misspelled word was found 'dup'
Error: Misspelled word was found 'nstted'
Error: Misspelled word was found 'overrreview'
Error: Misspelled word was found 'THis'
Error: Misspelled word was found 'THis'
Error: Misspelled word was found 'textt'
Error: Misspelled word was found 'de'
Error: Misspelled word was found 'duplicatte'
Error: Misspelled word was found 'CRefs'
Error: Misspelled word was found 'tet'
Error: Misspelled word was found 'dups'
Error: Misspelled word was found 'Rference'
Error: Misspelled word was found 'Anntoations'
Error: Misspelled word was found 'THis'
Error: Misspelled word was found 'elementt'
Error: Misspelled word was found 'liness'
Error: Misspelled word was found 'liness'
Error: Misspelled word was found 'Anntoations'
Error: Misspelled word was found 'THis'
Error: Misspelled word was found 'elementt'
