Error: Misspelled word 'THis' in attribute 'ascii'
Error: THis is also the title
Error: Misspelled word 'TITLe' in attribute 'abbrev'
Error: Short TITLe
Error: Misspelled word was found 'dcument'
Error: This is the title of the dcument
Error: Misspelled word 'THis' in attribute 'name'
Error: THis is the series Info TItle
Error: Misspelled word 'TItle' in attribute 'name'
Error: THis is the series Info TItle
Error: Misspelled word 'Schaadx' in attribute 'asciiFullname'
Error: Jim Schaadx
Error: Misspelled word 'YYY' in attribute 'asciiSurname'
Error: YYY
Error: Misspelled word 'Schaadx' in attribute 'surname'
Error: Schaadx
Error: Misspelled word was found 'Orgg'
Error: Orgg is an affilliation of text
Error: Misspelled word was found 'affilliation'
Error: Orgg is an affilliation of text
Error: Misspelled word 'Xtxt' in attribute 'ascii'
Error: Xtxt equal
Error: Misspelled word was found 'ASN'
Error: Some test words - ASN.1 A2C go4broke Fred.Baker need to get some unicode here as well. groook
Error: Misspelled word was found 'unicode'
Error: Some test words - ASN.1 A2C go4broke Fred.Baker need to get some unicode here as well. groook
Error: Misspelled word was found 'groook'
Error: test words - ASN.1 A2C go4broke Fred.Baker need to get some unicode here as well. groook
Error: Misspelled word was found 'ddtext'
Error: ddtext field
Error: Misspelled word 'equall' in attribute 'ascii'
Error: text equall
Error: Misspelled word was found 'reggional'
Error: reggional name
Error: Misspelled word was found 'textt'
Error: textt field
Error: Misspelled word was found 'fiiedl'
Error: text fiiedl
Error: Misspelled word was found 'url'
Error: text field w/ url
Error: Misspelled word was found 'WG'
Error: Test WG
Error: Misspelled word was found 'THis'
Error: THis is the note name
Error: Misspelled word was found 'THis'
Error: THis is the section 1 boilerplate.
Error: Misspelled word was found 'THis'
Error: THis is the sectn name.
Error: Misspelled word was found 'sectn'
Error: THis is the sectn name.
Error: Misspelled word was found 'txt'
Error: Artwork can contain a txt element or an svg element
Error: Misspelled word was found 'svg'
Error: Artwork can contain a txt element or an svg element
Error: Misspelled word was found 'Assides'
Error: Assides do not allow for text content directly in them.
Error: Misspelled word was found 'allwos'
Error: This allwos for either a text item
Error: Misspelled word was found 'simpley'
Error: This element can be simpley text blob
Error: Misspelled word was found 'tiem'
Error: This can also be a multiple text tiem
Error: Misspelled word was found 'Whch'
Error: Whch allows for two items
Error: Misspelled word was found 'figre'
Error: Title of the figre
Error: Misspelled word was found 'Cn'
Error: Cn be text item
Error: Misspelled word was found 'Src'
Error: Src Is additonlly text = could pt to something
Error: Misspelled word was found 'additonlly'
Error: Src Is additonlly text = could pt to something
Error: Misspelled word was found 'THis'
Error: THis can bee a text item
Error: Misspelled word was found 'tiem'
Error: Or this can be a structured text tiem
Error: Misspelled word was found 'permmts'
Error: Only permmts text
Error: Misspelled word was found 'aa'
Error: This is aa table
Error: Misspelled word was found 'THis'
Error: THis can be text
Error: Misspelled word was found 'textlegal'
Error: this is also textlegal
Error: Misspelled word was found 'sdrawkcab'
Error: Text item sdrawkcab
Error: Misspelled word 'Mispelled' in attribute 'quotedFrom'
Error: Mispelled Srce of txtr
Error: Misspelled word 'Srce' in attribute 'quotedFrom'
Error: Mispelled Srce of txtr
Error: Misspelled word 'txtr' in attribute 'quotedFrom'
Error: Mispelled Srce of txtr
Error: Misspelled word was found 'allwos'
Error: This allwos for a text item to be a child
Error: Misspelled word was found 'compliated'
Error: this is compliated by MUST MUST be dropped or MUST must not be dropped  here was a cref 
Error: Misspelled word was found 'cref'
Error: is compliated by MUST MUST be dropped or MUST must not be dropped  here was a cref dup checks  checks gets a dup.   Text here can be nstted for funcan 
Error: Misspelled word was found 'dup'
Error: compliated by MUST MUST be dropped or MUST must not be dropped  here was a cref dup checks  checks gets a dup.   Text here can be nstted for funcan have 
Error: Misspelled word was found 'dup'
Error: be dropped or MUST must not be dropped  here was a cref dup checks  checks gets a dup.   Text here can be nstted for funcan have content the protocol overrreview
Error: Misspelled word was found 'nstted'
Error: not be dropped  here was a cref dup checks  checks gets a dup.   Text here can be nstted for funcan have content the protocol overrreviewTHis is a normal text 
Error: Misspelled word was found 'overrreview'
Error: checks  checks gets a dup.   Text here can be nstted for funcan have content the protocol overrreviewTHis is a normal text item.THis is a normal textt itemNeed 
Error: Misspelled word was found 'THis'
Error:  checks gets a dup.   Text here can be nstted for funcan have content the protocol overrreviewTHis is a normal text item.THis is a normal textt itemNeed to 
Error: Misspelled word was found 'THis'
Error: here can be nstted for funcan have content the protocol overrreviewTHis is a normal text item.THis is a normal textt itemNeed to text de-duplicatteTex is 
Error: Misspelled word was found 'textt'
Error: nstted for funcan have content the protocol overrreviewTHis is a normal text item.THis is a normal textt itemNeed to text de-duplicatteTex is now mono-spaced
Error: Misspelled word was found 'de'
Error: content the protocol overrreviewTHis is a normal text item.THis is a normal textt itemNeed to text de-duplicatteTex is now mono-spacedreferences can contain text
Error: Misspelled word was found 'duplicatte'
Error:  the protocol overrreviewTHis is a normal text item.THis is a normal textt itemNeed to text de-duplicatteTex is now mono-spacedreferences can contain text
Error: Misspelled word was found 'CRefs'
Error: CRefs have tet content inside of them - I don't know about dups here
Error: Misspelled word was found 'tet'
Error: CRefs have tet content inside of them - I don't know about dups here
Error: Misspelled word was found 'dups'
Error: CRefs have tet content inside of them - I don't know about dups here
Error: Misspelled word was found 'Rference'
Error: Rference group name
Error: Misspelled word was found 'Anntoations'
Error: Anntoations are a text element
Error: Misspelled word was found 'THis'
Error: THis elementt contains a text
Error: Misspelled word was found 'elementt'
Error: THis elementt contains a text
Error: Misspelled word was found 'liness'
Error: Postal liness are text
Error: Misspelled word was found 'liness'
Error: Postal liness are text
Error: Misspelled word was found 'Anntoations'
Error: Anntoations are a text element
Error: Misspelled word was found 'THis'
Error: THis elementt contains a text
Error: Misspelled word was found 'elementt'
Error: THis elementt contains a text
